# JRE version: OpenJDK Runtime Environment Corretto-21.0.4.7.1 (21.0.4+7) (build 21.0.4+7-LTS)
# Java VM: OpenJDK 64-Bit Server VM Corretto-21.0.4.7.1 (21.0.4+7-LTS, mixed mode, sharing, tiered, compressed oops, compressed class ptrs, g1 gc, windows-amd64)
GC Precious Log:
 CardTable entry size: 512
 Card Set container configuration: InlinePtr #cards 5 size 8 Array Of Cards #cards 12 size 40 Howl #buckets 4 coarsen threshold 1843 Howl Bitmap #cards 512 size 80 coarsen threshold 460 Card regions per heap region 1 cards per card region 2048
 CPUs: 4 total, 4 available
 Memory: 8083M
 Large Page Support: Disabled
 NUMA Support: Disabled
 Compressed Oops: Enabled (32-bit)
 Heap Region Size: 1M
 Heap Min Capacity: 8M
 Heap Initial Capacity: 128M
 Heap Max Capacity: 2022M
 Pre-touch: Disabled
 Parallel Workers: 4
 Concurrent Workers: 1
 Concurrent Refinement Workers: 4
 Periodic GC: Disabled
Heap:
 garbage-first heap   total 40960K, used 21864K [0x0000000081a00000, 0x0000000100000000)
  region size 1024K, 6 young (6144K), 3 survivors (3072K)
 Metaspace       used 33950K, committed 34560K, reserved 1114112K
  class space    used 4192K, committed 4416K, reserved 1048576K
GC Heap History (18 events):
Event: 2.097 GC heap before
{Heap before GC invocations=0 (full 0):
 garbage-first heap   total 131072K, used 13312K [0x0000000081a00000, 0x0000000100000000)
  region size 1024K, 13 young (13312K), 0 survivors (0K)
 Metaspace       used 5103K, committed 5312K, reserved 1114112K
  class space    used 503K, committed 640K, reserved 1048576K
}
Event: 2.108 GC heap after
{Heap after GC invocations=1 (full 0):
 garbage-first heap   total 131072K, used 7010K [0x0000000081a00000, 0x0000000100000000)
  region size 1024K, 2 young (2048K), 2 survivors (2048K)
 Metaspace       used 5103K, committed 5312K, reserved 1114112K
  class space    used 503K, committed 640K, reserved 1048576K
}
Event: 2.887 GC heap before
{Heap before GC invocations=1 (full 0):
 garbage-first heap   total 131072K, used 18274K [0x0000000081a00000, 0x0000000100000000)
  region size 1024K, 14 young (14336K), 2 survivors (2048K)
 Metaspace       used 9448K, committed 9792K, reserved 1114112K
  class space    used 1051K, committed 1216K, reserved 1048576K
}
Event: 2.893 GC heap after
{Heap after GC invocations=2 (full 0):
 garbage-first heap   total 131072K, used 8459K [0x0000000081a00000, 0x0000000100000000)
  region size 1024K, 2 young (2048K), 2 survivors (2048K)
 Metaspace       used 9448K, committed 9792K, reserved 1114112K
  class space    used 1051K, committed 1216K, reserved 1048576K
}
Event: 4.070 GC heap before
{Heap before GC invocations=2 (full 0):
 garbage-first heap   total 131072K, used 40203K [0x0000000081a00000, 0x0000000100000000)
  region size 1024K, 34 young (34816K), 2 survivors (2048K)
 Metaspace       used 17611K, committed 17984K, reserved 1114112K
  class space    used 2064K, committed 2240K, reserved 1048576K
}
Event: 4.078 GC heap after
{Heap after GC invocations=3 (full 0):
 garbage-first heap   total 131072K, used 11219K [0x0000000081a00000, 0x0000000100000000)
  region size 1024K, 4 young (4096K), 4 survivors (4096K)
 Metaspace       used 17611K, committed 17984K, reserved 1114112K
  class space    used 2064K, committed 2240K, reserved 1048576K
}
Event: 4.509 GC heap before
{Heap before GC invocations=3 (full 0):
 garbage-first heap   total 131072K, used 24531K [0x0000000081a00000, 0x0000000100000000)
  region size 1024K, 19 young (19456K), 4 survivors (4096K)
 Metaspace       used 21117K, committed 21504K, reserved 1114112K
  class space    used 2556K, committed 2752K, reserved 1048576K
}
Event: 4.517 GC heap after
{Heap after GC invocations=4 (full 0):
 garbage-first heap   total 131072K, used 12243K [0x0000000081a00000, 0x0000000100000000)
  region size 1024K, 5 young (5120K), 5 survivors (5120K)
 Metaspace       used 21117K, committed 21504K, reserved 1114112K
  class space    used 2556K, committed 2752K, reserved 1048576K
}
Event: 5.435 GC heap before
{Heap before GC invocations=5 (full 0):
 garbage-first heap   total 40960K, used 31699K [0x0000000081a00000, 0x0000000100000000)
  region size 1024K, 24 young (24576K), 5 survivors (5120K)
 Metaspace       used 23034K, committed 23424K, reserved 1114112K
  class space    used 2761K, committed 2944K, reserved 1048576K
}
Event: 5.444 GC heap after
{Heap after GC invocations=6 (full 0):
 garbage-first heap   total 40960K, used 14100K [0x0000000081a00000, 0x0000000100000000)
  region size 1024K, 3 young (3072K), 3 survivors (3072K)
 Metaspace       used 23034K, committed 23424K, reserved 1114112K
  class space    used 2761K, committed 2944K, reserved 1048576K
}
Event: 6.418 GC heap before
{Heap before GC invocations=6 (full 0):
 garbage-first heap   total 40960K, used 30484K [0x0000000081a00000, 0x0000000100000000)
  region size 1024K, 20 young (20480K), 3 survivors (3072K)
 Metaspace       used 25640K, committed 25984K, reserved 1114112K
  class space    used 3104K, committed 3264K, reserved 1048576K
}
Event: 6.423 GC heap after
{Heap after GC invocations=7 (full 0):
 garbage-first heap   total 40960K, used 14934K [0x0000000081a00000, 0x0000000100000000)
  region size 1024K, 2 young (2048K), 2 survivors (2048K)
 Metaspace       used 25640K, committed 25984K, reserved 1114112K
  class space    used 3104K, committed 3264K, reserved 1048576K
}
Event: 7.278 GC heap before
{Heap before GC invocations=7 (full 0):
 garbage-first heap   total 40960K, used 31318K [0x0000000081a00000, 0x0000000100000000)
  region size 1024K, 18 young (18432K), 2 survivors (2048K)
 Metaspace       used 28818K, committed 29376K, reserved 1114112K
  class space    used 3557K, committed 3840K, reserved 1048576K
}
Event: 7.284 GC heap after
{Heap after GC invocations=8 (full 0):
 garbage-first heap   total 40960K, used 16636K [0x0000000081a00000, 0x0000000100000000)
  region size 1024K, 3 young (3072K), 3 survivors (3072K)
 Metaspace       used 28818K, committed 29376K, reserved 1114112K
  class space    used 3557K, committed 3840K, reserved 1048576K
}
Event: 8.197 GC heap before
{Heap before GC invocations=8 (full 0):
 garbage-first heap   total 40960K, used 31996K [0x0000000081a00000, 0x0000000100000000)
  region size 1024K, 19 young (19456K), 3 survivors (3072K)
 Metaspace       used 31413K, committed 32000K, reserved 1114112K
  class space    used 3890K, committed 4160K, reserved 1048576K
}
Event: 8.204 GC heap after
{Heap after GC invocations=9 (full 0):
 garbage-first heap   total 40960K, used 18424K [0x0000000081a00000, 0x0000000100000000)
  region size 1024K, 2 young (2048K), 2 survivors (2048K)
 Metaspace       used 31413K, committed 32000K, reserved 1114112K
  class space    used 3890K, committed 4160K, reserved 1048576K
}
Event: 9.071 GC heap before
{Heap before GC invocations=9 (full 0):
 garbage-first heap   total 40960K, used 33784K [0x0000000081a00000, 0x0000000100000000)
  region size 1024K, 17 young (17408K), 2 survivors (2048K)
 Metaspace       used 33790K, committed 34368K, reserved 1114112K
  class space    used 4187K, committed 4416K, reserved 1048576K
}
Event: 9.078 GC heap after
{Heap after GC invocations=10 (full 0):
 garbage-first heap   total 40960K, used 19816K [0x0000000081a00000, 0x0000000100000000)
  region size 1024K, 3 young (3072K), 3 survivors (3072K)
 Metaspace       used 33790K, committed 34368K, reserved 1114112K
  class space    used 4187K, committed 4416K, reserved 1048576K
}

